<?xml version="1.0" encoding="UTF-8"?>
<testng-results ignored="0" total="3" passed="3" failed="0" skipped="0">
  <reporter-output>
  </reporter-output>
  <suite started-at="2024-10-24T16:03:15 IST" name="Suite" finished-at="2024-10-24T16:03:57 IST" duration-ms="41936">
    <groups>
    </groups>
    <test started-at="2024-10-24T16:03:15 IST" name="Testonchrome" finished-at="2024-10-24T16:03:37 IST" duration-ms="22007">
      <class name="Test.CrossBrowser">
        <test-method is-config="true" signature="openBrowser(java.lang.String)[pri:0, instance:Test.CrossBrowser@8519cb4]" started-at="2024-10-24T16:03:15 IST" name="openBrowser" finished-at="2024-10-24T16:03:27 IST" duration-ms="11224" status="PASS">
          <params>
            <param index="0">
              <value>
                <![CDATA[chrome]]>
              </value>
            </param>
          </params>
          <reporter-output>
          </reporter-output>
        </test-method> <!-- openBrowser -->
        <test-method signature="VerifyTitle()[pri:0, instance:Test.CrossBrowser@8519cb4]" started-at="2024-10-24T16:03:27 IST" name="VerifyTitle" finished-at="2024-10-24T16:03:37 IST" duration-ms="10031" status="PASS">
          <reporter-output>
          </reporter-output>
        </test-method> <!-- VerifyTitle -->
        <test-method is-config="true" signature="close()[pri:0, instance:Test.CrossBrowser@8519cb4]" started-at="2024-10-24T16:03:37 IST" name="close" finished-at="2024-10-24T16:03:37 IST" duration-ms="572" status="PASS">
          <reporter-output>
          </reporter-output>
        </test-method> <!-- close -->
      </class> <!-- Test.CrossBrowser -->
    </test> <!-- Testonchrome -->
    <test started-at="2024-10-24T16:03:15 IST" name="Testonedge" finished-at="2024-10-24T16:03:39 IST" duration-ms="23831">
      <class name="Test.CrossBrowser">
        <test-method is-config="true" signature="openBrowser(java.lang.String)[pri:0, instance:Test.CrossBrowser@790da477]" started-at="2024-10-24T16:03:15 IST" name="openBrowser" finished-at="2024-10-24T16:03:29 IST" duration-ms="13378" status="PASS">
          <params>
            <param index="0">
              <value>
                <![CDATA[EDGE]]>
              </value>
            </param>
          </params>
          <reporter-output>
          </reporter-output>
        </test-method> <!-- openBrowser -->
        <test-method signature="VerifyTitle()[pri:0, instance:Test.CrossBrowser@790da477]" started-at="2024-10-24T16:03:29 IST" name="VerifyTitle" finished-at="2024-10-24T16:03:39 IST" duration-ms="9974" status="PASS">
          <reporter-output>
          </reporter-output>
        </test-method> <!-- VerifyTitle -->
        <test-method is-config="true" signature="close()[pri:0, instance:Test.CrossBrowser@790da477]" started-at="2024-10-24T16:03:39 IST" name="close" finished-at="2024-10-24T16:03:39 IST" duration-ms="311" status="PASS">
          <reporter-output>
          </reporter-output>
        </test-method> <!-- close -->
      </class> <!-- Test.CrossBrowser -->
    </test> <!-- Testonedge -->
    <test started-at="2024-10-24T16:03:15 IST" name="Testonfirefox" finished-at="2024-10-24T16:03:57 IST" duration-ms="41934">
      <class name="Test.CrossBrowser">
        <test-method is-config="true" signature="openBrowser(java.lang.String)[pri:0, instance:Test.CrossBrowser@57bc27f5]" started-at="2024-10-24T16:03:15 IST" name="openBrowser" finished-at="2024-10-24T16:03:53 IST" duration-ms="37168" status="PASS">
          <params>
            <param index="0">
              <value>
                <![CDATA[firefox]]>
              </value>
            </param>
          </params>
          <reporter-output>
          </reporter-output>
        </test-method> <!-- openBrowser -->
        <test-method signature="VerifyTitle()[pri:0, instance:Test.CrossBrowser@57bc27f5]" started-at="2024-10-24T16:03:53 IST" name="VerifyTitle" finished-at="2024-10-24T16:03:56 IST" duration-ms="3818" status="PASS">
          <reporter-output>
          </reporter-output>
        </test-method> <!-- VerifyTitle -->
        <test-method is-config="true" signature="close()[pri:0, instance:Test.CrossBrowser@57bc27f5]" started-at="2024-10-24T16:03:56 IST" name="close" finished-at="2024-10-24T16:03:57 IST" duration-ms="778" status="PASS">
          <reporter-output>
          </reporter-output>
        </test-method> <!-- close -->
      </class> <!-- Test.CrossBrowser -->
    </test> <!-- Testonfirefox -->
  </suite> <!-- Suite -->
</testng-results>
